# JRE version: OpenJDK Runtime Environment Microsoft-7209853 (17.0.6+10) (build 17.0.6+10-LTS)
# Java VM: OpenJDK 64-Bit Server VM Microsoft-7209853 (17.0.6+10-LTS, mixed mode, sharing, tiered, compressed oops, compressed class ptrs, g1 gc, windows-amd64)
GC Precious Log:
 CPUs: 8 total, 8 available
 Memory: 8037M
 Large Page Support: Disabled
 NUMA Support: Disabled
 Compressed Oops: Enabled (32-bit)
 Heap Region Size: 1M
 Heap Min Capacity: 8M
 Heap Initial Capacity: 126M
 Heap Max Capacity: 2G
 Pre-touch: Disabled
 Parallel Workers: 8
 Concurrent Workers: 2
 Concurrent Refinement Workers: 8
 Periodic GC: Disabled
Heap:
 garbage-first heap   total 187392K, used 141216K [0x0000000080000000, 0x0000000100000000)
  region size 1024K, 17 young (17408K), 2 survivors (2048K)
 Metaspace       used 95830K, committed 96832K, reserved 512000K
  class space    used 13168K, committed 13632K, reserved 421888K
GC Heap History (20 events):
Event: 31.565 GC heap before
{Heap before GC invocations=34 (full 0):
 garbage-first heap   total 155648K, used 128526K [0x0000000080000000, 0x0000000100000000)
  region size 1024K, 26 young (26624K), 4 survivors (4096K)
 Metaspace       used 83677K, committed 84544K, reserved 495616K
  class space    used 11683K, committed 12096K, reserved 421888K
}
Event: 31.570 GC heap after
{Heap after GC invocations=35 (full 0):
 garbage-first heap   total 155648K, used 109941K [0x0000000080000000, 0x0000000100000000)
  region size 1024K, 4 young (4096K), 4 survivors (4096K)
 Metaspace       used 83677K, committed 84544K, reserved 495616K
  class space    used 11683K, committed 12096K, reserved 421888K
}
Event: 31.827 GC heap before
{Heap before GC invocations=35 (full 0):
 garbage-first heap   total 155648K, used 131445K [0x0000000080000000, 0x0000000100000000)
  region size 1024K, 23 young (23552K), 4 survivors (4096K)
 Metaspace       used 83807K, committed 84736K, reserved 495616K
  class space    used 11688K, committed 12160K, reserved 421888K
}
Event: 31.831 GC heap after
{Heap after GC invocations=36 (full 0):
 garbage-first heap   total 155648K, used 115353K [0x0000000080000000, 0x0000000100000000)
  region size 1024K, 3 young (3072K), 3 survivors (3072K)
 Metaspace       used 83807K, committed 84736K, reserved 495616K
  class space    used 11688K, committed 12160K, reserved 421888K
}
Event: 32.040 GC heap before
{Heap before GC invocations=36 (full 0):
 garbage-first heap   total 155648K, used 130713K [0x0000000080000000, 0x0000000100000000)
  region size 1024K, 18 young (18432K), 3 survivors (3072K)
 Metaspace       used 84395K, committed 85312K, reserved 503808K
  class space    used 11798K, committed 12224K, reserved 421888K
}
Event: 32.044 GC heap after
{Heap after GC invocations=37 (full 0):
 garbage-first heap   total 155648K, used 117636K [0x0000000080000000, 0x0000000100000000)
  region size 1024K, 3 young (3072K), 3 survivors (3072K)
 Metaspace       used 84395K, committed 85312K, reserved 503808K
  class space    used 11798K, committed 12224K, reserved 421888K
}
Event: 32.195 GC heap before
{Heap before GC invocations=37 (full 0):
 garbage-first heap   total 155648K, used 130948K [0x0000000080000000, 0x0000000100000000)
  region size 1024K, 16 young (16384K), 3 survivors (3072K)
 Metaspace       used 84817K, committed 85760K, reserved 503808K
  class space    used 11868K, committed 12288K, reserved 421888K
}
Event: 32.199 GC heap after
{Heap after GC invocations=38 (full 0):
 garbage-first heap   total 155648K, used 119713K [0x0000000080000000, 0x0000000100000000)
  region size 1024K, 2 young (2048K), 2 survivors (2048K)
 Metaspace       used 84817K, committed 85760K, reserved 503808K
  class space    used 11868K, committed 12288K, reserved 421888K
}
Event: 32.409 GC heap before
{Heap before GC invocations=38 (full 0):
 garbage-first heap   total 155648K, used 130977K [0x0000000080000000, 0x0000000100000000)
  region size 1024K, 14 young (14336K), 2 survivors (2048K)
 Metaspace       used 86653K, committed 87552K, reserved 503808K
  class space    used 12106K, committed 12544K, reserved 421888K
}
Event: 32.412 GC heap after
{Heap after GC invocations=39 (full 0):
 garbage-first heap   total 187392K, used 120424K [0x0000000080000000, 0x0000000100000000)
  region size 1024K, 1 young (1024K), 1 survivors (1024K)
 Metaspace       used 86653K, committed 87552K, reserved 503808K
  class space    used 12106K, committed 12544K, reserved 421888K
}
Event: 33.050 GC heap before
{Heap before GC invocations=39 (full 0):
 garbage-first heap   total 187392K, used 152168K [0x0000000080000000, 0x0000000100000000)
  region size 1024K, 32 young (32768K), 1 survivors (1024K)
 Metaspace       used 90300K, committed 91264K, reserved 503808K
  class space    used 12593K, committed 13056K, reserved 421888K
}
Event: 33.053 GC heap after
{Heap after GC invocations=40 (full 0):
 garbage-first heap   total 187392K, used 121655K [0x0000000080000000, 0x0000000100000000)
  region size 1024K, 2 young (2048K), 2 survivors (2048K)
 Metaspace       used 90300K, committed 91264K, reserved 503808K
  class space    used 12593K, committed 13056K, reserved 421888K
}
Event: 34.676 GC heap before
{Heap before GC invocations=40 (full 0):
 garbage-first heap   total 187392K, used 154423K [0x0000000080000000, 0x0000000100000000)
  region size 1024K, 34 young (34816K), 2 survivors (2048K)
 Metaspace       used 94848K, committed 95744K, reserved 512000K
  class space    used 13110K, committed 13504K, reserved 421888K
}
Event: 34.679 GC heap after
{Heap after GC invocations=41 (full 0):
 garbage-first heap   total 187392K, used 123597K [0x0000000080000000, 0x0000000100000000)
  region size 1024K, 4 young (4096K), 4 survivors (4096K)
 Metaspace       used 94848K, committed 95744K, reserved 512000K
  class space    used 13110K, committed 13504K, reserved 421888K
}
Event: 35.475 GC heap before
{Heap before GC invocations=41 (full 0):
 garbage-first heap   total 187392K, used 154317K [0x0000000080000000, 0x0000000100000000)
  region size 1024K, 35 young (35840K), 4 survivors (4096K)
 Metaspace       used 95232K, committed 96192K, reserved 512000K
  class space    used 13126K, committed 13568K, reserved 421888K
}
Event: 35.479 GC heap after
{Heap after GC invocations=42 (full 0):
 garbage-first heap   total 187392K, used 126563K [0x0000000080000000, 0x0000000100000000)
  region size 1024K, 5 young (5120K), 5 survivors (5120K)
 Metaspace       used 95232K, committed 96192K, reserved 512000K
  class space    used 13126K, committed 13568K, reserved 421888K
}
Event: 36.013 GC heap before
{Heap before GC invocations=42 (full 0):
 garbage-first heap   total 187392K, used 156259K [0x0000000080000000, 0x0000000100000000)
  region size 1024K, 35 young (35840K), 5 survivors (5120K)
 Metaspace       used 95383K, committed 96384K, reserved 512000K
  class space    used 13134K, committed 13632K, reserved 421888K
}
Event: 36.015 GC heap after
{Heap after GC invocations=43 (full 0):
 garbage-first heap   total 187392K, used 126879K [0x0000000080000000, 0x0000000100000000)
  region size 1024K, 2 young (2048K), 2 survivors (2048K)
 Metaspace       used 95383K, committed 96384K, reserved 512000K
  class space    used 13134K, committed 13632K, reserved 421888K
}
Event: 36.576 GC heap before
{Heap before GC invocations=43 (full 0):
 garbage-first heap   total 187392K, used 156575K [0x0000000080000000, 0x0000000100000000)
  region size 1024K, 32 young (32768K), 2 survivors (2048K)
 Metaspace       used 95418K, committed 96448K, reserved 512000K
  class space    used 13135K, committed 13632K, reserved 421888K
}
Event: 36.578 GC heap after
{Heap after GC invocations=44 (full 0):
 garbage-first heap   total 187392K, used 126880K [0x0000000080000000, 0x0000000100000000)
  region size 1024K, 2 young (2048K), 2 survivors (2048K)
 Metaspace       used 95418K, committed 96448K, reserved 512000K
  class space    used 13135K, committed 13632K, reserved 421888K
}

